nis-radar	74.4509
nis-radar	1.81013
nis-radar	4.25609
nis-radar	7.95633
nis-radar	0.534173
nis-radar	1.48085
nis-radar	4.0862
nis-radar	2.03708
nis-radar	2.12412
nis-radar	1.63868
nis-radar	3.8785
nis-radar	0.871979
nis-radar	3.80735
nis-radar	3.59643
nis-radar	2.84135
nis-radar	6.60836
nis-radar	6.49587
nis-radar	4.46308
nis-radar	4.56671
nis-radar	4.39096
nis-radar	1.69165
nis-radar	1.20343
nis-radar	1.09695
nis-radar	0.940255
nis-radar	3.55471
nis-radar	10.7749
nis-radar	0.243564
nis-radar	1.66201
nis-radar	3.87896
nis-radar	2.35928
nis-radar	0.980662
nis-radar	1.68255
nis-radar	0.719812
nis-radar	4.65317
nis-radar	1.86002
nis-radar	3.55263
nis-radar	1.34625
nis-radar	0.527389
nis-radar	0.202264
nis-radar	0.493724
nis-radar	4.70187
nis-radar	0.418807
nis-radar	2.55681
nis-radar	0.889673
nis-radar	1.0345
nis-radar	2.94906
nis-radar	6.56506
nis-radar	2.95057
nis-radar	4.6588
nis-radar	10.4382
nis-radar	3.98224
nis-radar	3.12814
nis-radar	2.17162
nis-radar	1.38383
nis-radar	0.885856
nis-radar	1.43289
nis-radar	3.52097
nis-radar	7.61404
nis-radar	1.53328
nis-radar	2.00525
nis-radar	0.342007
nis-radar	6.1079
nis-radar	6.35588
nis-radar	2.28744
nis-radar	2.13803
nis-radar	6.67825
nis-radar	1.88423
nis-radar	2.93544
nis-radar	3.1543
nis-radar	10.1599
nis-radar	3.19467
nis-radar	5.67846
nis-radar	2.20724
nis-radar	1.37486
nis-radar	0.38724
nis-radar	2.24369
nis-radar	1.74847
nis-radar	2.68006
nis-radar	0.884469
nis-radar	1.05633
nis-radar	4.13991
nis-radar	5.75116
nis-radar	1.00428
nis-radar	2.20122
nis-radar	1.53787
nis-radar	4.56437
nis-radar	0.139397
nis-radar	3.54257
nis-radar	0.22986
nis-radar	0.36645
nis-radar	2.65375
nis-radar	2.36048
nis-radar	1.67283
nis-radar	4.36017
nis-radar	1.52174
nis-radar	1.37777
nis-radar	6.95274
nis-radar	3.35997
nis-radar	2.50278
nis-radar	3.2724
nis-radar	1.99815
nis-radar	5.08539
nis-radar	1.04295
nis-radar	2.18978
nis-radar	0.93531
nis-radar	2.05775
nis-radar	1.93704
nis-radar	3.79786
nis-radar	1.23722
nis-radar	0.870949
nis-radar	3.74769
nis-radar	3.79305
nis-radar	2.81731
nis-radar	2.7899
nis-radar	1.56451
nis-radar	1.9174
nis-radar	0.355072
nis-radar	2.71872
nis-radar	1.52282
nis-radar	3.12348
nis-radar	5.20342
nis-radar	5.64373
nis-radar	1.56773
nis-radar	4.24999
nis-radar	3.05698
nis-radar	2.14569
nis-radar	0.303882
nis-radar	2.24421
nis-radar	1.1253
nis-radar	3.86206
nis-radar	0.796973
nis-radar	0.249135
nis-radar	3.82359
nis-radar	0.694347
nis-radar	0.898811
nis-radar	5.49838
nis-radar	5.93518
nis-radar	3.9769
nis-radar	5.27237
nis-radar	2.71885
nis-radar	4.02114
nis-radar	2.97419
nis-radar	1.04892
nis-radar	0.252132
nis-radar	4.4458
nis-radar	0.473349
nis-radar	0.373329
nis-radar	2.61876
nis-radar	4.4563
nis-radar	0.458941
nis-radar	7.34869
nis-radar	0.916111
nis-radar	6.55937
nis-radar	1.15683
nis-radar	2.04766
nis-radar	1.47901
nis-radar	2.19127
nis-radar	2.80538
nis-radar	2.09597
nis-radar	2.48567
nis-radar	2.2877
nis-radar	4.31404
nis-radar	2.60324
nis-radar	0.277267
nis-radar	4.36786
nis-radar	1.85295
nis-radar	2.24083
nis-radar	5.2922
nis-radar	7.95944
nis-radar	1.66492
nis-radar	0.67471
nis-radar	1.71461
nis-radar	4.01773
nis-radar	1.10631
nis-radar	4.91604
nis-radar	1.52554
nis-radar	2.26856
nis-radar	1.77179
nis-radar	6.63048
nis-radar	1.91244
nis-radar	1.11908
nis-radar	3.36627
nis-radar	1.86949
nis-radar	0.902994
nis-radar	1.86207
nis-radar	3.42226
nis-radar	0.329105
nis-radar	1.86288
nis-radar	1.317
nis-radar	6.43022
nis-radar	0.185175
nis-radar	11.1119
nis-radar	3.49226
nis-radar	0.441894
nis-radar	1.43529
nis-radar	1.04352
nis-radar	1.99914
nis-radar	1.71552
nis-radar	5.21337
nis-radar	2.18451
nis-radar	2.74272
nis-radar	1.75681
nis-radar	7.17723
nis-radar	8.00886
nis-radar	0.263642
nis-radar	0.688108
nis-radar	3.01911
nis-radar	2.14258
nis-radar	1.1023
nis-radar	0.614051
nis-radar	8.96714
nis-radar	2.31542
nis-radar	0.929331
nis-radar	3.14604
nis-radar	4.84772
nis-radar	1.82578
nis-radar	5.51713
nis-radar	1.58717
nis-radar	2.71806
nis-radar	5.76632
nis-radar	1.53281
nis-radar	6.29699
nis-radar	4.49054
nis-radar	1.67081
nis-radar	1.28977
nis-radar	4.41114
nis-radar	1.66114
nis-radar	6.05282
nis-radar	2.91236
nis-radar	0.551549
nis-radar	0.158634
nis-radar	0.725276
nis-radar	0.236624
nis-radar	8.40877
nis-radar	6.3666
nis-radar	0.69167
nis-radar	2.09005
nis-radar	0.320251
nis-radar	1.49444
nis-radar	0.573876
nis-radar	2.88429
nis-radar	9.99017
nis-radar	0.134069
nis-radar	6.69573
nis-radar	4.05148
nis-radar	2.75131
nis-radar	6.65474
nis-radar	1.28983
nis-radar	1.96582
