nis-laser	0.185263
nis-laser	0.201966
nis-laser	0.159892
nis-laser	0.00272219
nis-laser	1.10479
nis-laser	2.20387
nis-laser	0.34899
nis-laser	12.7206
nis-laser	2.46729
nis-laser	1.58643
nis-laser	4.05673
nis-laser	0.323276
nis-laser	3.57633
nis-laser	0.550937
nis-laser	0.662954
nis-laser	1.01508
nis-laser	0.821167
nis-laser	3.11955
nis-laser	1.27578
nis-laser	1.68534
nis-laser	1.74452
nis-laser	0.561632
nis-laser	0.926582
nis-laser	3.47612
nis-laser	2.52208
nis-laser	0.690617
nis-laser	0.378426
nis-laser	2.47907
nis-laser	1.04815
nis-laser	0.666446
nis-laser	0.277457
nis-laser	0.393905
nis-laser	0.403747
nis-laser	0.413682
nis-laser	0.296804
nis-laser	2.64223
nis-laser	0.84295
nis-laser	0.250888
nis-laser	3.55084
nis-laser	5.14421
nis-laser	0.439795
nis-laser	1.9481
nis-laser	6.33934
nis-laser	5.3361
nis-laser	2.7626
nis-laser	0.505644
nis-laser	0.16781
nis-laser	1.31975
nis-laser	0.118826
nis-laser	4.75137
nis-laser	0.692812
nis-laser	1.86663
nis-laser	1.38356
nis-laser	1.11869
nis-laser	0.201684
nis-laser	1.09983
nis-laser	2.25688
nis-laser	4.14289
nis-laser	0.0695665
nis-laser	1.21738
nis-laser	0.0305985
nis-laser	1.34838
nis-laser	3.68055
nis-laser	0.925819
nis-laser	1.41106
nis-laser	0.276307
nis-laser	0.563363
nis-laser	2.78705
nis-laser	0.69806
nis-laser	0.732682
nis-laser	1.33997
nis-laser	1.7655
nis-laser	0.647535
nis-laser	0.83828
nis-laser	2.11622
nis-laser	0.229468
nis-laser	1.60595
nis-laser	0.27013
nis-laser	1.77468
nis-laser	0.552925
nis-laser	0.475939
nis-laser	3.58089
nis-laser	1.56172
nis-laser	1.25522
nis-laser	1.85174
nis-laser	2.73051
nis-laser	0.14554
nis-laser	3.91787
nis-laser	1.1491
nis-laser	0.65879
nis-laser	1.4042
nis-laser	0.744993
nis-laser	1.8619
nis-laser	0.523147
nis-laser	0.996379
nis-laser	2.23108
nis-laser	2.6637
nis-laser	1.23506
nis-laser	5.97613
nis-laser	0.148224
nis-laser	0.49545
nis-laser	2.40417
nis-laser	1.78623
nis-laser	1.12203
nis-laser	3.20557
nis-laser	0.319007
nis-laser	1.32737
nis-laser	2.93067
nis-laser	2.1767
nis-laser	2.55479
nis-laser	0.507516
nis-laser	0.433554
nis-laser	4.2758
nis-laser	2.13387
nis-laser	1.18686
nis-laser	1.56636
nis-laser	0.612827
nis-laser	4.70088
nis-laser	0.296197
nis-laser	0.52489
nis-laser	0.769456
nis-laser	0.525152
nis-laser	2.37322
nis-laser	0.576761
nis-laser	1.6549
nis-laser	0.603328
nis-laser	2.30584
nis-laser	3.0218
nis-laser	0.472821
nis-laser	0.0235184
nis-laser	1.57428
nis-laser	0.907787
nis-laser	2.04878
nis-laser	4.55593
nis-laser	3.92942
nis-laser	1.47462
nis-laser	1.61864
nis-laser	3.04023
nis-laser	1.21854
nis-laser	1.12121
nis-laser	0.556968
nis-laser	0.419358
nis-laser	2.6873
nis-laser	1.40439
nis-laser	4.92805
nis-laser	0.413371
nis-laser	1.18972
nis-laser	0.30306
nis-laser	1.59274
nis-laser	0.303992
nis-laser	6.55375
nis-laser	0.366968
nis-laser	0.578688
nis-laser	2.89323
nis-laser	2.99566
nis-laser	3.78499
nis-laser	4.04369
nis-laser	1.22727
nis-laser	2.64996
nis-laser	2.90063
nis-laser	2.39683
nis-laser	0.805321
nis-laser	0.694694
nis-laser	1.58718
nis-laser	5.15596
nis-laser	2.05536
nis-laser	0.493604
nis-laser	1.26581
nis-laser	0.498287
nis-laser	0.184552
nis-laser	2.53579
nis-laser	0.26918
nis-laser	2.91881
nis-laser	1.16785
nis-laser	15.7836
nis-laser	0.771169
nis-laser	1.84025
nis-laser	2.82006
nis-laser	0.839199
nis-laser	1.04009
nis-laser	4.38437
nis-laser	1.83958
nis-laser	0.81849
nis-laser	2.59874
nis-laser	2.9283
nis-laser	5.86577
nis-laser	2.40234
nis-laser	0.51209
nis-laser	0.466887
nis-laser	0.808436
nis-laser	0.396848
nis-laser	2.04982
nis-laser	4.50043
nis-laser	1.35549
nis-laser	5.79575
nis-laser	1.40338
nis-laser	1.10493
nis-laser	0.131294
nis-laser	0.429785
nis-laser	2.50083
nis-laser	1.92948
nis-laser	3.40313
nis-laser	0.0934982
nis-laser	0.188412
nis-laser	0.678463
nis-laser	0.126364
nis-laser	1.81471
nis-laser	0.123013
nis-laser	3.6798
nis-laser	2.03243
nis-laser	0.431518
nis-laser	0.939331
nis-laser	1.23572
nis-laser	0.0409648
nis-laser	0.123569
nis-laser	4.2365
nis-laser	1.14366
nis-laser	0.261414
nis-laser	2.15724
nis-laser	0.151416
nis-laser	4.40205
nis-laser	2.99515
nis-laser	1.47555
nis-laser	0.5382
nis-laser	0.764368
nis-laser	6.1188
nis-laser	0.844551
nis-laser	4.16965
nis-laser	2.06095
nis-laser	2.66389
nis-laser	1.88694
nis-laser	0.127785
nis-laser	0.955851
nis-laser	0.624733
nis-laser	1.82558
nis-laser	9.17388
nis-laser	0.456165
nis-laser	4.06878
nis-laser	1.68058
nis-laser	1.87161
nis-laser	0.611988
nis-laser	3.0249
nis-laser	0.844441
nis-laser	1.8869
nis-laser	0.564403
nis-laser	0.835831
nis-laser	6.75857
nis-laser	3.92975
nis-laser	0.490112
